C51 COMPILER V9.01   B                                                                     06/04/2018 22:47:01 PAGE 1   


C51 COMPILER V9.01, COMPILATION OF MODULE B
OBJECT MODULE PLACED IN b.OBJ
COMPILER INVOKED BY: F:\keli\C51\BIN\C51.EXE b.c BROWSE DEBUG OBJECTEXTEND

line level    source

   1          #include<reg52.h>
   2          #define uint unsigned int 
   3          #define uchar unsigned char
   4          
   5          void delay(a);
   6          void liushui1();
   7          void shanshuo1();
   8          void liushui2();
   9          void shanshuo2();
  10          uint a;
  11          void main()
  12          {
  13   1              while(1)
  14   1              {
  15   2                      liushui1();
  16   2                      shanshuo1();
  17   2                      liushui2();
  18   2                      shanshuo2();    
  19   2              }       
  20   1      }
  21          void delay(a)
  22          {
  23   1              uint i,j;
  24   1              for(i=a;i>0;i--)
  25   1                      for(j=110;j>0;j--);
  26   1      }
  27          
  28          void liushui1()
  29          {       
  30   1              uint i;
  31   1              P0=0x01;
  32   1              for(i=0;i<8;i++)
  33   1              {
  34   2                      delay(500);
  35   2                      P0=P0<<1;
  36   2              }
  37   1      }
  38          
  39          void shanshuo1()
  40          {
  41   1              uint i,j;
  42   1              P0=0x01;
  43   1              for(j=0;j<3;j++)
  44   1              {
  45   2                      P0=0x01;
  46   2                      for(i=0;i<4;i++)
  47   2                      {
  48   3                              delay(500);
  49   3                              P0=P0<<2;
  50   3                      }
  51   2              }       
  52   1      }
  53          
  54          void liushui2()
  55          {
C51 COMPILER V9.01   B                                                                     06/04/2018 22:47:01 PAGE 2   

  56   1              uint i=0;
  57   1              P0=0x80;
  58   1              while(i>7)
  59   1              {
  60   2                      delay(500);
  61   2                      P0=P0>>1;
  62   2                      i--;
  63   2      
  64   2              }
  65   1      }
  66          
  67          void shanshuo2()
  68          {
  69   1              uint i,j;
  70   1              P0=0x20;
  71   1              for(j=0;j<4;j++)
  72   1              {
  73   2                      P0=0x20;
  74   2                      for(i=0;i<4;i++)
  75   2                      {
  76   3                              delay(500);
  77   3                              P0=P0>>2;
  78   3                      }
  79   2              }       
  80   1      }


MODULE INFORMATION:   STATIC OVERLAYABLE
   CODE SIZE        =    195    ----
   CONSTANT SIZE    =   ----    ----
   XDATA SIZE       =   ----    ----
   PDATA SIZE       =   ----    ----
   DATA SIZE        =      2    ----
   IDATA SIZE       =   ----    ----
   BIT SIZE         =   ----    ----
END OF MODULE INFORMATION.


C51 COMPILATION COMPLETE.  0 WARNING(S),  0 ERROR(S)
