C51 COMPILER V9.01   T                                                                     06/04/2018 14:22:44 PAGE 1   


C51 COMPILER V9.01, COMPILATION OF MODULE T
OBJECT MODULE PLACED IN t.OBJ
COMPILER INVOKED BY: F:\keli\C51\BIN\C51.EXE t.c BROWSE DEBUG OBJECTEXTEND

line level    source

   1          #include<reg52.h>
   2          typedef unsigned int uint;
   3          typedef unsigned char uchar;
   4          void delay(a);
   5          void main()
   6          {
   7   1              while(1)
   8   1              {
   9   2                      uint i=4;
  10   2                      while(i>0)      
  11   2                      {       
  12   3                              P0=0x01;
  13   3                              delay(500);
  14   3                              P0=0x04;
  15   3                              delay(500);
  16   3                              P0=0x10;
  17   3                              delay(500);
  18   3                              P0=0x40;
  19   3                              delay(500);
  20   3                              i--;
  21   3                      }
  22   2                      while(i<3)
  23   2                      {
  24   3                              P0=0x20;
  25   3                              delay(500);
  26   3                              P0=0x08;
  27   3                              delay(500);
  28   3                              P0=0x02;
  29   3                              delay(500);
  30   3                              i++;    
  31   3                      }
  32   2              }
  33   1      
  34   1      }
  35          
  36          void delay(a)
  37          {
  38   1              uint i,j;
  39   1              for(i=a;i>0;i--)
  40   1                      for(j=110;j>0;j--);
  41   1      }


MODULE INFORMATION:   STATIC OVERLAYABLE
   CODE SIZE        =    122    ----
   CONSTANT SIZE    =   ----    ----
   XDATA SIZE       =   ----    ----
   PDATA SIZE       =   ----    ----
   DATA SIZE        =   ----       2
   IDATA SIZE       =   ----    ----
   BIT SIZE         =   ----    ----
END OF MODULE INFORMATION.


C51 COMPILATION COMPLETE.  0 WARNING(S),  0 ERROR(S)
